nohup: ignoring input
Running from: /home/ubuntu/ecommerce-project/jenkins.war
webroot: /home/ubuntu/.jenkins/war
2026-04-10 10:33:48.429+0000 [id=1]	INFO	winstone.Logger#logInternal: Beginning extraction from war file
2026-04-10 10:33:48.542+0000 [id=1]	WARNING	o.e.j.ee9.nested.ContextHandler#setContextPath: Empty contextPath
2026-04-10 10:33:48.670+0000 [id=1]	INFO	org.eclipse.jetty.server.Server#doStart: jetty-12.1.5; built: 2025-12-03T22:18:24.732Z; git: 4905d09d7b6801e792d7b73946cf7b66e4be25d6; jvm 17.0.18+8-Ubuntu-124.04.1
2026-04-10 10:33:49.673+0000 [id=1]	INFO	o.e.j.e.w.StandardDescriptorProcessor#visitServlet: NO JSP Support for /, did not find org.eclipse.jetty.ee9.jsp.JettyJspServlet
2026-04-10 10:33:49.783+0000 [id=1]	INFO	o.e.j.s.DefaultSessionIdManager#doStart: Session workerName=node0
2026-04-10 10:33:50.666+0000 [id=1]	INFO	hudson.WebAppMain#contextInitialized: Jenkins home directory: /home/ubuntu/.jenkins found at: $user.home/.jenkins
2026-04-10 10:33:50.921+0000 [id=1]	INFO	o.e.j.s.handler.ContextHandler#doStart: Started oeje9n.ContextHandler$CoreContextHandler@6754ef00{Jenkins v2.541.3,/,b=file:///home/ubuntu/.jenkins/war/,a=AVAILABLE,h=oeje9n.ContextHandler$CoreContextHandler$CoreToNestedHandler@619bd14c{STARTED}}
2026-04-10 10:33:50.941+0000 [id=1]	INFO	o.e.j.server.AbstractConnector#doStart: Started oejs.ServerConnector@3d3f751e{HTTP/1.1, (http/1.1)}{0.0.0.0:8080}
2026-04-10 10:33:50.943+0000 [id=1]	INFO	org.eclipse.jetty.server.Server#doStart: Started oejs.Server@7e8e8651{STARTING}[12.1.5,sto=0] @2278ms
2026-04-10 10:33:50.944+0000 [id=24]	INFO	winstone.Logger#logInternal: Winstone Servlet Engine running: controlPort=disabled
2026-04-10 10:33:51.239+0000 [id=23]	INFO	jenkins.model.Jenkins#<init>: Starting version 2.541.3
2026-04-10 10:33:51.420+0000 [id=30]	INFO	jenkins.InitReactorRunner$1#onAttained: Started initialization
2026-04-10 10:33:51.939+0000 [id=31]	INFO	jenkins.InitReactorRunner$1#onAttained: Listed all plugins
2026-04-10 10:33:58.036+0000 [id=29]	INFO	jenkins.InitReactorRunner$1#onAttained: Prepared all plugins
2026-04-10 10:33:58.087+0000 [id=31]	INFO	jenkins.InitReactorRunner$1#onAttained: Started all plugins
2026-04-10 10:33:58.098+0000 [id=32]	INFO	jenkins.InitReactorRunner$1#onAttained: Augmented all extensions
2026-04-10 10:33:59.057+0000 [id=29]	INFO	h.p.b.g.GlobalTimeOutConfiguration#load: global timeout not set
2026-04-10 10:34:00.803+0000 [id=30]	INFO	jenkins.InitReactorRunner$1#onAttained: System config loaded
2026-04-10 10:34:00.804+0000 [id=30]	INFO	jenkins.InitReactorRunner$1#onAttained: System config adapted
2026-04-10 10:34:00.888+0000 [id=30]	INFO	jenkins.InitReactorRunner$1#onAttained: Loaded all jobs
2026-04-10 10:34:00.926+0000 [id=32]	INFO	jenkins.InitReactorRunner$1#onAttained: Configuration for all jobs updated
2026-04-10 10:34:01.017+0000 [id=31]	INFO	jenkins.InitReactorRunner$1#onAttained: Completed initialization
2026-04-10 10:34:01.060+0000 [id=23]	INFO	hudson.lifecycle.Lifecycle#onReady: Jenkins is fully up and running
